<?xml version="1.0" encoding="UTF-8"?>
<!-- Generated by org.testng.reporters.JUnitXMLReporter -->
<testsuite ignored="0" hostname="DESKTOP-TVJIMI8" failures="0" tests="7" name="Test" time="18.908" errors="0" timestamp="2021-11-16T07:14:48 IST">
  <testcase classname="testNG.TestCase" name="faceook" time="2.025"/>
  <testcase classname="testNG.TestCase" name="openGoogle" time="1.959"/>
  <testcase classname="testNG.TestCase" name="inst" time="2.932"/>
  <testcase classname="testNG.Dependencies" name="facebook" time="1.777"/>
  <testcase classname="testNG.Dependencies" name="amazon" time="4.226"/>
  <testcase classname="testNG.Dependencies" name="whatsapp" time="2.879"/>
  <testcase classname="testNG.Dependencies" name="inst" time="3.014"/>
</testsuite> <!-- Test -->
