<?xml version="1.0" encoding="UTF-8"?>
<!-- Generated by org.testng.reporters.JUnitXMLReporter -->
<testsuite ignored="0" hostname="DESKTOP-TVJIMI8" failures="0" tests="4" name="Test" time="12.24" errors="0" timestamp="2021-10-22T10:34:16 IST">
  <testcase classname="testNG.Dependencies" name="facebook" time="2.214"/>
  <testcase classname="testNG.Dependencies" name="amazon" time="4.876"/>
  <testcase classname="testNG.Dependencies" name="whatsapp" time="1.996"/>
  <testcase classname="testNG.Dependencies" name="inst" time="3.077"/>
</testsuite> <!-- Test -->
