<?xml version="1.0" encoding="UTF-8"?>
<testng-results ignored="0" total="7" passed="7" failed="0" skipped="0">
  <reporter-output>
  </reporter-output>
  <suite started-at="2021-11-16T07:14:29 IST" name="Suite" finished-at="2021-11-16T07:14:48 IST" duration-ms="18908">
    <groups>
    </groups>
    <test started-at="2021-11-16T07:14:29 IST" name="Test" finished-at="2021-11-16T07:14:48 IST" duration-ms="18908">
      <class name="testNG.Dependencies">
        <test-method is-config="true" signature="Browserlaunch()[pri:0, instance:testNG.Dependencies@3c73951]" started-at="2021-11-16T07:14:25 IST" name="Browserlaunch" finished-at="2021-11-16T07:14:28 IST" duration-ms="2515" status="PASS">
          <reporter-output>
          </reporter-output>
        </test-method> <!-- Browserlaunch -->
        <test-method signature="facebook()[pri:0, instance:testNG.Dependencies@3c73951]" started-at="2021-11-16T07:14:36 IST" name="facebook" finished-at="2021-11-16T07:14:38 IST" duration-ms="1777" status="PASS">
          <reporter-output>
          </reporter-output>
        </test-method> <!-- facebook -->
        <test-method signature="amazon()[pri:0, instance:testNG.Dependencies@3c73951]" started-at="2021-11-16T07:14:38 IST" name="amazon" finished-at="2021-11-16T07:14:42 IST" depends-on-methods="testNG.Dependencies.facebook" duration-ms="4226" status="PASS">
          <reporter-output>
          </reporter-output>
        </test-method> <!-- amazon -->
        <test-method signature="whatsapp()[pri:0, instance:testNG.Dependencies@3c73951]" started-at="2021-11-16T07:14:42 IST" name="whatsapp" finished-at="2021-11-16T07:14:45 IST" depends-on-methods="testNG.Dependencies.amazon" duration-ms="2879" status="PASS">
          <reporter-output>
          </reporter-output>
        </test-method> <!-- whatsapp -->
        <test-method signature="inst()[pri:0, instance:testNG.Dependencies@3c73951]" started-at="2021-11-16T07:14:45 IST" name="inst" finished-at="2021-11-16T07:14:48 IST" depends-on-methods="testNG.Dependencies.whatsapp" duration-ms="3014" status="PASS">
          <reporter-output>
          </reporter-output>
        </test-method> <!-- inst -->
        <test-method is-config="true" signature="publi()[pri:0, instance:testNG.Dependencies@3c73951]" started-at="2021-11-16T07:14:48 IST" name="publi" finished-at="2021-11-16T07:14:52 IST" duration-ms="4246" status="PASS">
          <reporter-output>
          </reporter-output>
        </test-method> <!-- publi -->
      </class> <!-- testNG.Dependencies -->
      <class name="testNG.TestCase">
        <test-method is-config="true" signature="launch()[pri:0, instance:testNG.TestCase@10feca44]" started-at="2021-11-16T07:14:28 IST" name="launch" finished-at="2021-11-16T07:14:29 IST" duration-ms="1420" status="PASS">
          <reporter-output>
          </reporter-output>
        </test-method> <!-- launch -->
        <test-method signature="faceook()[pri:-3, instance:testNG.TestCase@10feca44]" started-at="2021-11-16T07:14:29 IST" name="faceook" finished-at="2021-11-16T07:14:31 IST" duration-ms="2025" status="PASS">
          <reporter-output>
          </reporter-output>
        </test-method> <!-- faceook -->
        <test-method signature="openGoogle()[pri:0, instance:testNG.TestCase@10feca44]" started-at="2021-11-16T07:14:31 IST" name="openGoogle" finished-at="2021-11-16T07:14:33 IST" duration-ms="1959" status="PASS">
          <reporter-output>
          </reporter-output>
        </test-method> <!-- openGoogle -->
        <test-method signature="inst()[pri:3, instance:testNG.TestCase@10feca44]" started-at="2021-11-16T07:14:33 IST" name="inst" finished-at="2021-11-16T07:14:36 IST" duration-ms="2932" status="PASS">
          <reporter-output>
          </reporter-output>
        </test-method> <!-- inst -->
        <test-method is-config="true" signature="closebrowser()[pri:0, instance:testNG.TestCase@10feca44]" started-at="2021-11-16T07:14:52 IST" name="closebrowser" finished-at="2021-11-16T07:14:57 IST" duration-ms="4220" status="PASS">
          <reporter-output>
          </reporter-output>
        </test-method> <!-- closebrowser -->
      </class> <!-- testNG.TestCase -->
    </test> <!-- Test -->
  </suite> <!-- Suite -->
</testng-results>
