<?xml version="1.0" encoding="UTF-8"?>
<testng-results ignored="0" total="4" passed="4" failed="0" skipped="0">
  <reporter-output>
  </reporter-output>
  <suite started-at="2021-10-31T12:34:41 IST" name="Default suite" finished-at="2021-10-31T12:34:52 IST" duration-ms="10806">
    <groups>
    </groups>
    <test started-at="2021-10-31T12:34:41 IST" name="Default test" finished-at="2021-10-31T12:34:52 IST" duration-ms="10806">
      <class name="testNG.Dependencies">
        <test-method is-config="true" signature="Browserlaunch()[pri:0, instance:testNG.Dependencies@69997e9d]" started-at="2021-10-31T12:34:38 IST" name="Browserlaunch" finished-at="2021-10-31T12:34:41 IST" duration-ms="2866" status="PASS">
          <reporter-output>
          </reporter-output>
        </test-method> <!-- Browserlaunch -->
        <test-method signature="facebook()[pri:0, instance:testNG.Dependencies@69997e9d]" started-at="2021-10-31T12:34:41 IST" name="facebook" finished-at="2021-10-31T12:34:43 IST" duration-ms="2316" status="PASS">
          <reporter-output>
          </reporter-output>
        </test-method> <!-- facebook -->
        <test-method signature="amazon()[pri:0, instance:testNG.Dependencies@69997e9d]" started-at="2021-10-31T12:34:43 IST" name="amazon" finished-at="2021-10-31T12:34:48 IST" depends-on-methods="testNG.Dependencies.facebook" duration-ms="4016" status="PASS">
          <reporter-output>
          </reporter-output>
        </test-method> <!-- amazon -->
        <test-method signature="whatsapp()[pri:0, instance:testNG.Dependencies@69997e9d]" started-at="2021-10-31T12:34:48 IST" name="whatsapp" finished-at="2021-10-31T12:34:50 IST" depends-on-methods="testNG.Dependencies.amazon" duration-ms="2084" status="PASS">
          <reporter-output>
          </reporter-output>
        </test-method> <!-- whatsapp -->
        <test-method signature="inst()[pri:0, instance:testNG.Dependencies@69997e9d]" started-at="2021-10-31T12:34:50 IST" name="inst" finished-at="2021-10-31T12:34:52 IST" depends-on-methods="testNG.Dependencies.whatsapp" duration-ms="2307" status="PASS">
          <reporter-output>
          </reporter-output>
        </test-method> <!-- inst -->
        <test-method is-config="true" signature="publi()[pri:0, instance:testNG.Dependencies@69997e9d]" started-at="2021-10-31T12:34:52 IST" name="publi" finished-at="2021-10-31T12:34:56 IST" duration-ms="4421" status="PASS">
          <reporter-output>
          </reporter-output>
        </test-method> <!-- publi -->
      </class> <!-- testNG.Dependencies -->
    </test> <!-- Default test -->
  </suite> <!-- Default suite -->
</testng-results>
