<?xml version="1.0" encoding="UTF-8"?>
<!-- Generated by org.testng.reporters.JUnitXMLReporter -->
<testsuite ignored="0" hostname="DESKTOP-TVJIMI8" failures="0" tests="3" name="Default test" time="6.419" errors="0" timestamp="2021-11-16T06:54:13 IST">
  <testcase classname="testNG.TestCase" name="faceook" time="1.957"/>
  <testcase classname="testNG.TestCase" name="openGoogle" time="2.287"/>
  <testcase classname="testNG.TestCase" name="inst" time="2.098"/>
</testsuite> <!-- Default test -->
