<?xml version="1.0" encoding="UTF-8"?>
<!-- Generated by org.testng.reporters.JUnitXMLReporter -->
<testsuite ignored="0" hostname="DESKTOP-TVJIMI8" failures="0" tests="4" name="Default test" time="10.806" errors="0" timestamp="2021-10-31T12:34:52 IST">
  <testcase classname="testNG.Dependencies" name="facebook" time="2.316"/>
  <testcase classname="testNG.Dependencies" name="amazon" time="4.016"/>
  <testcase classname="testNG.Dependencies" name="whatsapp" time="2.084"/>
  <testcase classname="testNG.Dependencies" name="inst" time="2.307"/>
</testsuite> <!-- Default test -->
